[2020-12-14 21:46:47] development.ERROR: ErrorException: Undefined variable: controller in C:\xampp\htdocs\laravel\tasty\setup-master\vendor\tastyigniter\flame\src\Pagic\Parsers\FileParser.php(199) : eval()'d code:10
Stack trace:
#0 C:\xampp\htdocs\laravel\tasty\setup-master\vendor\tastyigniter\flame\src\Pagic\Parsers\FileParser.php(199) : eval()'d code(10): Illuminate\Foundation\Bootstrap\HandleExceptions->handleError(8, 'Undefined varia...', 'C:\\xampp\\htdocs...', 10, Array)
#1 C:\xampp\htdocs\laravel\tasty\setup-master\app\main\classes\MainController.php(307): Pagic5fd7b317aff16384052500_c021cc25f7b39e4c3b345d7ffeba8feeClass->onStart()
#2 C:\xampp\htdocs\laravel\tasty\setup-master\app\main\classes\MainController.php(256): Main\Classes\MainController->execPageCycle()
#3 C:\xampp\htdocs\laravel\tasty\setup-master\app\main\classes\MainController.php(192): Main\Classes\MainController->runPage(Object(Main\Template\Page))
#4 C:\xampp\htdocs\laravel\tasty\setup-master\app\system\classes\Controller.php(85): Main\Classes\MainController->remap('local/reviews')
#5 C:\xampp\htdocs\laravel\tasty\setup-master\vendor\laravel\framework\src\Illuminate\Routing\Controller.php(54): System\Classes\Controller->run('local/reviews')
#6 C:\xampp\htdocs\laravel\tasty\setup-master\vendor\laravel\framework\src\Illuminate\Routing\ControllerDispatcher.php(45): Illuminate\Routing\Controller->callAction('run', Array)
#7 C:\xampp\htdocs\laravel\tasty\setup-master\vendor\laravel\framework\src\Illuminate\Routing\Route.php(219): Illuminate\Routing\ControllerDispatcher->dispatch(Object(Illuminate\Routing\Route), Object(System\Classes\Controller), 'run')
#8 C:\xampp\htdocs\laravel\tasty\setup-master\vendor\laravel\framework\src\Illuminate\Routing\Route.php(176): Illuminate\Routing\Route->runController()
#9 C:\xampp\htdocs\laravel\tasty\setup-master\vendor\laravel\framework\src\Illuminate\Routing\Router.php(681): Illuminate\Routing\Route->run()
#10 C:\xampp\htdocs\laravel\tasty\setup-master\vendor\laravel\framework\src\Illuminate\Pipeline\Pipeline.php(130): Illuminate\Routing\Router->Illuminate\Routing\{closure}(Object(Illuminate\Http\Request))
#11 C:\xampp\htdocs\laravel\tasty\setup-master\vendor\laravel\framework\src\Illuminate\Foundation\Http\Middleware\VerifyCsrfToken.php(77): Illuminate\Pipeline\Pipeline->Illuminate\Pipeline\{closure}(Object(Illuminate\Http\Request))
#12 C:\xampp\htdocs\laravel\tasty\setup-master\vendor\laravel\framework\src\Illuminate\Pipeline\Pipeline.php(171): Illuminate\Foundation\Http\Middleware\VerifyCsrfToken->handle(Object(Illuminate\Http\Request), Object(Closure))
#13 C:\xampp\htdocs\laravel\tasty\setup-master\vendor\tastyigniter\flame\src\Currency\Middleware\CurrencyMiddleware.php(33): Illuminate\Pipeline\Pipeline->Illuminate\Pipeline\{closure}(Object(Illuminate\Http\Request))
#14 C:\xampp\htdocs\laravel\tasty\setup-master\vendor\laravel\framework\src\Illuminate\Pipeline\Pipeline.php(171): Igniter\Flame\Currency\Middleware\CurrencyMiddleware->handle(Object(Illuminate\Http\Request), Object(Closure))
#15 C:\xampp\htdocs\laravel\tasty\setup-master\extensions\igniter\cart\middleware\CartMiddleware.php(12): Illuminate\Pipeline\Pipeline->Illuminate\Pipeline\{closure}(Object(Illuminate\Http\Request))
#16 C:\xampp\htdocs\laravel\tasty\setup-master\vendor\laravel\framework\src\Illuminate\Pipeline\Pipeline.php(171): Igniter\Cart\Middleware\CartMiddleware->handle(Object(Illuminate\Http\Request), Object(Closure))
#17 C:\xampp\htdocs\laravel\tasty\setup-master\vendor\tastyigniter\flame\src\Translation\Middleware\Localization.php(40): Illuminate\Pipeline\Pipeline->Illuminate\Pipeline\{closure}(Object(Illuminate\Http\Request))
#18 C:\xampp\htdocs\laravel\tasty\setup-master\vendor\laravel\framework\src\Illuminate\Pipeline\Pipeline.php(171): Igniter\Flame\Translation\Middleware\Localization->handle(Object(Illuminate\Http\Request), Object(Closure))
#19 C:\xampp\htdocs\laravel\tasty\setup-master\vendor\laravel\framework\src\Illuminate\Routing\Middleware\SubstituteBindings.php(41): Illuminate\Pipeline\Pipeline->Illuminate\Pipeline\{closure}(Object(Illuminate\Http\Request))
#20 C:\xampp\htdocs\laravel\tasty\setup-master\vendor\laravel\framework\src\Illuminate\Pipeline\Pipeline.php(171): Illuminate\Routing\Middleware\SubstituteBindings->handle(Object(Illuminate\Http\Request), Object(Closure))
#21 C:\xampp\htdocs\laravel\tasty\setup-master\vendor\laravel\framework\src\Illuminate\View\Middleware\ShareErrorsFromSession.php(49): Illuminate\Pipeline\Pipeline->Illuminate\Pipeline\{closure}(Object(Illuminate\Http\Request))
#22 C:\xampp\htdocs\laravel\tasty\setup-master\vendor\laravel\framework\src\Illuminate\Pipeline\Pipeline.php(171): Illuminate\View\Middleware\ShareErrorsFromSession->handle(Object(Illuminate\Http\Request), Object(Closure))
#23 C:\xampp\htdocs\laravel\tasty\setup-master\vendor\laravel\framework\src\Illuminate\Session\Middleware\StartSession.php(56): Illuminate\Pipeline\Pipeline->Illuminate\Pipeline\{closure}(Object(Illuminate\Http\Request))
#24 C:\xampp\htdocs\laravel\tasty\setup-master\vendor\laravel\framework\src\Illuminate\Pipeline\Pipeline.php(171): Illuminate\Session\Middleware\StartSession->handle(Object(Illuminate\Http\Request), Object(Closure))
#25 C:\xampp\htdocs\laravel\tasty\setup-master\vendor\laravel\framework\src\Illuminate\Cookie\Middleware\AddQueuedCookiesToResponse.php(37): Illuminate\Pipeline\Pipeline->Illuminate\Pipeline\{closure}(Object(Illuminate\Http\Request))
#26 C:\xampp\htdocs\laravel\tasty\setup-master\vendor\laravel\framework\src\Illuminate\Pipeline\Pipeline.php(171): Illuminate\Cookie\Middleware\AddQueuedCookiesToResponse->handle(Object(Illuminate\Http\Request), Object(Closure))
#27 C:\xampp\htdocs\laravel\tasty\setup-master\vendor\laravel\framework\src\Illuminate\Cookie\Middleware\EncryptCookies.php(67): Illuminate\Pipeline\Pipeline->Illuminate\Pipeline\{closure}(Object(Illuminate\Http\Request))
#28 C:\xampp\htdocs\laravel\tasty\setup-master\vendor\laravel\framework\src\Illuminate\Pipeline\Pipeline.php(171): Illuminate\Cookie\Middleware\EncryptCookies->handle(Object(Illuminate\Http\Request), Object(Closure))
#29 C:\xampp\htdocs\laravel\tasty\setup-master\vendor\laravel\framework\src\Illuminate\Pipeline\Pipeline.php(105): Illuminate\Pipeline\Pipeline->Illuminate\Pipeline\{closure}(Object(Illuminate\Http\Request))
#30 C:\xampp\htdocs\laravel\tasty\setup-master\vendor\laravel\framework\src\Illuminate\Routing\Router.php(683): Illuminate\Pipeline\Pipeline->then(Object(Closure))
#31 C:\xampp\htdocs\laravel\tasty\setup-master\vendor\laravel\framework\src\Illuminate\Routing\Router.php(658): Illuminate\Routing\Router->runRouteWithinStack(Object(Illuminate\Routing\Route), Object(Illuminate\Http\Request))
#32 C:\xampp\htdocs\laravel\tasty\setup-master\vendor\laravel\framework\src\Illuminate\Routing\Router.php(624): Illuminate\Routing\Router->runRoute(Object(Illuminate\Http\Request), Object(Illuminate\Routing\Route))
#33 C:\xampp\htdocs\laravel\tasty\setup-master\vendor\october\rain\src\Router\CoreRouter.php(20): Illuminate\Routing\Router->dispatchToRoute(Object(Illuminate\Http\Request))
#34 C:\xampp\htdocs\laravel\tasty\setup-master\vendor\laravel\framework\src\Illuminate\Foundation\Http\Kernel.php(170): October\Rain\Router\CoreRouter->dispatch(Object(Illuminate\Http\Request))
#35 C:\xampp\htdocs\laravel\tasty\setup-master\vendor\laravel\framework\src\Illuminate\Pipeline\Pipeline.php(130): Illuminate\Foundation\Http\Kernel->Illuminate\Foundation\Http\{closure}(Object(Illuminate\Http\Request))
#36 C:\xampp\htdocs\laravel\tasty\setup-master\vendor\tastyigniter\flame\src\Setting\Middleware\SaveSetting.php(27): Illuminate\Pipeline\Pipeline->Illuminate\Pipeline\{closure}(Object(Illuminate\Http\Request))
#37 C:\xampp\htdocs\laravel\tasty\setup-master\vendor\laravel\framework\src\Illuminate\Pipeline\Pipeline.php(171): Igniter\Flame\Setting\Middleware\SaveSetting->handle(Object(Illuminate\Http\Request), Object(Closure))
#38 C:\xampp\htdocs\laravel\tasty\setup-master\vendor\fideloper\proxy\src\TrustProxies.php(57): Illuminate\Pipeline\Pipeline->Illuminate\Pipeline\{closure}(Object(Illuminate\Http\Request))
#39 C:\xampp\htdocs\laravel\tasty\setup-master\vendor\laravel\framework\src\Illuminate\Pipeline\Pipeline.php(171): Fideloper\Proxy\TrustProxies->handle(Object(Illuminate\Http\Request), Object(Closure))
#40 C:\xampp\htdocs\laravel\tasty\setup-master\vendor\laravel\framework\src\Illuminate\Foundation\Http\Middleware\TransformsRequest.php(21): Illuminate\Pipeline\Pipeline->Illuminate\Pipeline\{closure}(Object(Illuminate\Http\Request))
#41 C:\xampp\htdocs\laravel\tasty\setup-master\vendor\laravel\framework\src\Illuminate\Pipeline\Pipeline.php(171): Illuminate\Foundation\Http\Middleware\TransformsRequest->handle(Object(Illuminate\Http\Request), Object(Closure))
#42 C:\xampp\htdocs\laravel\tasty\setup-master\vendor\laravel\framework\src\Illuminate\Foundation\Http\Middleware\ValidatePostSize.php(27): Illuminate\Pipeline\Pipeline->Illuminate\Pipeline\{closure}(Object(Illuminate\Http\Request))
#43 C:\xampp\htdocs\laravel\tasty\setup-master\vendor\laravel\framework\src\Illuminate\Pipeline\Pipeline.php(171): Illuminate\Foundation\Http\Middleware\ValidatePostSize->handle(Object(Illuminate\Http\Request), Object(Closure))
#44 C:\xampp\htdocs\laravel\tasty\setup-master\vendor\laravel\framework\src\Illuminate\Foundation\Http\Middleware\CheckForMaintenanceMode.php(63): Illuminate\Pipeline\Pipeline->Illuminate\Pipeline\{closure}(Object(Illuminate\Http\Request))
#45 C:\xampp\htdocs\laravel\tasty\setup-master\vendor\laravel\framework\src\Illuminate\Pipeline\Pipeline.php(171): Illuminate\Foundation\Http\Middleware\CheckForMaintenanceMode->handle(Object(Illuminate\Http\Request), Object(Closure))
#46 C:\xampp\htdocs\laravel\tasty\setup-master\vendor\laravel\framework\src\Illuminate\Pipeline\Pipeline.php(105): Illuminate\Pipeline\Pipeline->Illuminate\Pipeline\{closure}(Object(Illuminate\Http\Request))
#47 C:\xampp\htdocs\laravel\tasty\setup-master\vendor\laravel\framework\src\Illuminate\Foundation\Http\Kernel.php(145): Illuminate\Pipeline\Pipeline->then(Object(Closure))
#48 C:\xampp\htdocs\laravel\tasty\setup-master\vendor\laravel\framework\src\Illuminate\Foundation\Http\Kernel.php(110): Illuminate\Foundation\Http\Kernel->sendRequestThroughRouter(Object(Illuminate\Http\Request))
#49 C:\xampp\htdocs\laravel\tasty\setup-master\index.php(53): Illuminate\Foundation\Http\Kernel->handle(Object(Illuminate\Http\Request))
#50 {main}  
[2020-12-14 22:33:53] development.ERROR: Exception: DateInterval::__construct(): Unknown or bad format (PT-1M) in C:\xampp\htdocs\laravel\tasty\setup-master\vendor\tastyigniter\flame\src\Location\WorkingSchedule.php:322
Stack trace:
#0 C:\xampp\htdocs\laravel\tasty\setup-master\vendor\tastyigniter\flame\src\Location\WorkingSchedule.php(322): DateInterval->__construct('PT-1M')
#1 C:\xampp\htdocs\laravel\tasty\setup-master\extensions\igniter\local\classes\Location.php(250): Igniter\Flame\Location\WorkingSchedule->getTimeslot(Object(DateInterval), Object(Carbon\Carbon), -1)
#2 C:\xampp\htdocs\laravel\tasty\setup-master\extensions\igniter\local\components\LocalBox.php(189): Igniter\Local\Classes\Location->scheduleTimeslot()
#3 C:\xampp\htdocs\laravel\tasty\setup-master\extensions\igniter\local\components\LocalBox.php(107): Igniter\Local\Components\LocalBox->prepareVars()
#4 C:\xampp\htdocs\laravel\tasty\setup-master\app\main\template\concerns\HasComponents.php(102): Igniter\Local\Components\LocalBox->onRun()
#5 C:\xampp\htdocs\laravel\tasty\setup-master\app\main\classes\MainController.php(297): Main\Template\Model->runComponents()
#6 C:\xampp\htdocs\laravel\tasty\setup-master\app\main\classes\MainController.php(284): Main\Classes\MainController->execPageCycle()
#7 C:\xampp\htdocs\laravel\tasty\setup-master\extensions\igniter\local\components\LocalBox.php(128): Main\Classes\MainController->pageCycle()
#8 C:\xampp\htdocs\laravel\tasty\setup-master\app\system\classes\BaseComponent.php(135): Igniter\Local\Components\LocalBox->onChangeOrderType()
#9 C:\xampp\htdocs\laravel\tasty\setup-master\app\main\classes\MainController.php(408): System\Classes\BaseComponent->runEventHandler('onChangeOrderTy...')
#10 C:\xampp\htdocs\laravel\tasty\setup-master\app\main\classes\MainController.php(361): Main\Classes\MainController->runHandler('localBox::onCha...')
#11 C:\xampp\htdocs\laravel\tasty\setup-master\app\main\classes\MainController.php(251): Main\Classes\MainController->processHandlers()
#12 C:\xampp\htdocs\laravel\tasty\setup-master\app\main\classes\MainController.php(192): Main\Classes\MainController->runPage(Object(Main\Template\Page))
#13 C:\xampp\htdocs\laravel\tasty\setup-master\app\system\classes\Controller.php(85): Main\Classes\MainController->remap('local/menus')
#14 C:\xampp\htdocs\laravel\tasty\setup-master\vendor\laravel\framework\src\Illuminate\Routing\Controller.php(54): System\Classes\Controller->run('local/menus')
#15 C:\xampp\htdocs\laravel\tasty\setup-master\vendor\laravel\framework\src\Illuminate\Routing\ControllerDispatcher.php(45): Illuminate\Routing\Controller->callAction('run', Array)
#16 C:\xampp\htdocs\laravel\tasty\setup-master\vendor\laravel\framework\src\Illuminate\Routing\Route.php(219): Illuminate\Routing\ControllerDispatcher->dispatch(Object(Illuminate\Routing\Route), Object(System\Classes\Controller), 'run')
#17 C:\xampp\htdocs\laravel\tasty\setup-master\vendor\laravel\framework\src\Illuminate\Routing\Route.php(176): Illuminate\Routing\Route->runController()
#18 C:\xampp\htdocs\laravel\tasty\setup-master\vendor\laravel\framework\src\Illuminate\Routing\Router.php(681): Illuminate\Routing\Route->run()
#19 C:\xampp\htdocs\laravel\tasty\setup-master\vendor\laravel\framework\src\Illuminate\Pipeline\Pipeline.php(130): Illuminate\Routing\Router->Illuminate\Routing\{closure}(Object(Illuminate\Http\Request))
#20 C:\xampp\htdocs\laravel\tasty\setup-master\vendor\laravel\framework\src\Illuminate\Foundation\Http\Middleware\VerifyCsrfToken.php(77): Illuminate\Pipeline\Pipeline->Illuminate\Pipeline\{closure}(Object(Illuminate\Http\Request))
#21 C:\xampp\htdocs\laravel\tasty\setup-master\vendor\laravel\framework\src\Illuminate\Pipeline\Pipeline.php(171): Illuminate\Foundation\Http\Middleware\VerifyCsrfToken->handle(Object(Illuminate\Http\Request), Object(Closure))
#22 C:\xampp\htdocs\laravel\tasty\setup-master\vendor\tastyigniter\flame\src\Currency\Middleware\CurrencyMiddleware.php(33): Illuminate\Pipeline\Pipeline->Illuminate\Pipeline\{closure}(Object(Illuminate\Http\Request))
#23 C:\xampp\htdocs\laravel\tasty\setup-master\vendor\laravel\framework\src\Illuminate\Pipeline\Pipeline.php(171): Igniter\Flame\Currency\Middleware\CurrencyMiddleware->handle(Object(Illuminate\Http\Request), Object(Closure))
#24 C:\xampp\htdocs\laravel\tasty\setup-master\extensions\igniter\cart\middleware\CartMiddleware.php(12): Illuminate\Pipeline\Pipeline->Illuminate\Pipeline\{closure}(Object(Illuminate\Http\Request))
#25 C:\xampp\htdocs\laravel\tasty\setup-master\vendor\laravel\framework\src\Illuminate\Pipeline\Pipeline.php(171): Igniter\Cart\Middleware\CartMiddleware->handle(Object(Illuminate\Http\Request), Object(Closure))
#26 C:\xampp\htdocs\laravel\tasty\setup-master\vendor\tastyigniter\flame\src\Translation\Middleware\Localization.php(40): Illuminate\Pipeline\Pipeline->Illuminate\Pipeline\{closure}(Object(Illuminate\Http\Request))
#27 C:\xampp\htdocs\laravel\tasty\setup-master\vendor\laravel\framework\src\Illuminate\Pipeline\Pipeline.php(171): Igniter\Flame\Translation\Middleware\Localization->handle(Object(Illuminate\Http\Request), Object(Closure))
#28 C:\xampp\htdocs\laravel\tasty\setup-master\vendor\laravel\framework\src\Illuminate\Routing\Middleware\SubstituteBindings.php(41): Illuminate\Pipeline\Pipeline->Illuminate\Pipeline\{closure}(Object(Illuminate\Http\Request))
#29 C:\xampp\htdocs\laravel\tasty\setup-master\vendor\laravel\framework\src\Illuminate\Pipeline\Pipeline.php(171): Illuminate\Routing\Middleware\SubstituteBindings->handle(Object(Illuminate\Http\Request), Object(Closure))
#30 C:\xampp\htdocs\laravel\tasty\setup-master\vendor\laravel\framework\src\Illuminate\View\Middleware\ShareErrorsFromSession.php(49): Illuminate\Pipeline\Pipeline->Illuminate\Pipeline\{closure}(Object(Illuminate\Http\Request))
#31 C:\xampp\htdocs\laravel\tasty\setup-master\vendor\laravel\framework\src\Illuminate\Pipeline\Pipeline.php(171): Illuminate\View\Middleware\ShareErrorsFromSession->handle(Object(Illuminate\Http\Request), Object(Closure))
#32 C:\xampp\htdocs\laravel\tasty\setup-master\vendor\laravel\framework\src\Illuminate\Session\Middleware\StartSession.php(56): Illuminate\Pipeline\Pipeline->Illuminate\Pipeline\{closure}(Object(Illuminate\Http\Request))
#33 C:\xampp\htdocs\laravel\tasty\setup-master\vendor\laravel\framework\src\Illuminate\Pipeline\Pipeline.php(171): Illuminate\Session\Middleware\StartSession->handle(Object(Illuminate\Http\Request), Object(Closure))
#34 C:\xampp\htdocs\laravel\tasty\setup-master\vendor\laravel\framework\src\Illuminate\Cookie\Middleware\AddQueuedCookiesToResponse.php(37): Illuminate\Pipeline\Pipeline->Illuminate\Pipeline\{closure}(Object(Illuminate\Http\Request))
#35 C:\xampp\htdocs\laravel\tasty\setup-master\vendor\laravel\framework\src\Illuminate\Pipeline\Pipeline.php(171): Illuminate\Cookie\Middleware\AddQueuedCookiesToResponse->handle(Object(Illuminate\Http\Request), Object(Closure))
#36 C:\xampp\htdocs\laravel\tasty\setup-master\vendor\laravel\framework\src\Illuminate\Cookie\Middleware\EncryptCookies.php(67): Illuminate\Pipeline\Pipeline->Illuminate\Pipeline\{closure}(Object(Illuminate\Http\Request))
#37 C:\xampp\htdocs\laravel\tasty\setup-master\vendor\laravel\framework\src\Illuminate\Pipeline\Pipeline.php(171): Illuminate\Cookie\Middleware\EncryptCookies->handle(Object(Illuminate\Http\Request), Object(Closure))
#38 C:\xampp\htdocs\laravel\tasty\setup-master\vendor\laravel\framework\src\Illuminate\Pipeline\Pipeline.php(105): Illuminate\Pipeline\Pipeline->Illuminate\Pipeline\{closure}(Object(Illuminate\Http\Request))
#39 C:\xampp\htdocs\laravel\tasty\setup-master\vendor\laravel\framework\src\Illuminate\Routing\Router.php(683): Illuminate\Pipeline\Pipeline->then(Object(Closure))
#40 C:\xampp\htdocs\laravel\tasty\setup-master\vendor\laravel\framework\src\Illuminate\Routing\Router.php(658): Illuminate\Routing\Router->runRouteWithinStack(Object(Illuminate\Routing\Route), Object(Illuminate\Http\Request))
#41 C:\xampp\htdocs\laravel\tasty\setup-master\vendor\laravel\framework\src\Illuminate\Routing\Router.php(624): Illuminate\Routing\Router->runRoute(Object(Illuminate\Http\Request), Object(Illuminate\Routing\Route))
#42 C:\xampp\htdocs\laravel\tasty\setup-master\vendor\october\rain\src\Router\CoreRouter.php(20): Illuminate\Routing\Router->dispatchToRoute(Object(Illuminate\Http\Request))
#43 C:\xampp\htdocs\laravel\tasty\setup-master\vendor\laravel\framework\src\Illuminate\Foundation\Http\Kernel.php(170): October\Rain\Router\CoreRouter->dispatch(Object(Illuminate\Http\Request))
#44 C:\xampp\htdocs\laravel\tasty\setup-master\vendor\laravel\framework\src\Illuminate\Pipeline\Pipeline.php(130): Illuminate\Foundation\Http\Kernel->Illuminate\Foundation\Http\{closure}(Object(Illuminate\Http\Request))
#45 C:\xampp\htdocs\laravel\tasty\setup-master\vendor\tastyigniter\flame\src\Setting\Middleware\SaveSetting.php(27): Illuminate\Pipeline\Pipeline->Illuminate\Pipeline\{closure}(Object(Illuminate\Http\Request))
#46 C:\xampp\htdocs\laravel\tasty\setup-master\vendor\laravel\framework\src\Illuminate\Pipeline\Pipeline.php(171): Igniter\Flame\Setting\Middleware\SaveSetting->handle(Object(Illuminate\Http\Request), Object(Closure))
#47 C:\xampp\htdocs\laravel\tasty\setup-master\vendor\fideloper\proxy\src\TrustProxies.php(57): Illuminate\Pipeline\Pipeline->Illuminate\Pipeline\{closure}(Object(Illuminate\Http\Request))
#48 C:\xampp\htdocs\laravel\tasty\setup-master\vendor\laravel\framework\src\Illuminate\Pipeline\Pipeline.php(171): Fideloper\Proxy\TrustProxies->handle(Object(Illuminate\Http\Request), Object(Closure))
#49 C:\xampp\htdocs\laravel\tasty\setup-master\vendor\laravel\framework\src\Illuminate\Foundation\Http\Middleware\TransformsRequest.php(21): Illuminate\Pipeline\Pipeline->Illuminate\Pipeline\{closure}(Object(Illuminate\Http\Request))
#50 C:\xampp\htdocs\laravel\tasty\setup-master\vendor\laravel\framework\src\Illuminate\Pipeline\Pipeline.php(171): Illuminate\Foundation\Http\Middleware\TransformsRequest->handle(Object(Illuminate\Http\Request), Object(Closure))
#51 C:\xampp\htdocs\laravel\tasty\setup-master\vendor\laravel\framework\src\Illuminate\Foundation\Http\Middleware\ValidatePostSize.php(27): Illuminate\Pipeline\Pipeline->Illuminate\Pipeline\{closure}(Object(Illuminate\Http\Request))
#52 C:\xampp\htdocs\laravel\tasty\setup-master\vendor\laravel\framework\src\Illuminate\Pipeline\Pipeline.php(171): Illuminate\Foundation\Http\Middleware\ValidatePostSize->handle(Object(Illuminate\Http\Request), Object(Closure))
#53 C:\xampp\htdocs\laravel\tasty\setup-master\vendor\laravel\framework\src\Illuminate\Foundation\Http\Middleware\CheckForMaintenanceMode.php(63): Illuminate\Pipeline\Pipeline->Illuminate\Pipeline\{closure}(Object(Illuminate\Http\Request))
#54 C:\xampp\htdocs\laravel\tasty\setup-master\vendor\laravel\framework\src\Illuminate\Pipeline\Pipeline.php(171): Illuminate\Foundation\Http\Middleware\CheckForMaintenanceMode->handle(Object(Illuminate\Http\Request), Object(Closure))
#55 C:\xampp\htdocs\laravel\tasty\setup-master\vendor\laravel\framework\src\Illuminate\Pipeline\Pipeline.php(105): Illuminate\Pipeline\Pipeline->Illuminate\Pipeline\{closure}(Object(Illuminate\Http\Request))
#56 C:\xampp\htdocs\laravel\tasty\setup-master\vendor\laravel\framework\src\Illuminate\Foundation\Http\Kernel.php(145): Illuminate\Pipeline\Pipeline->then(Object(Closure))
#57 C:\xampp\htdocs\laravel\tasty\setup-master\vendor\laravel\framework\src\Illuminate\Foundation\Http\Kernel.php(110): Illuminate\Foundation\Http\Kernel->sendRequestThroughRouter(Object(Illuminate\Http\Request))
#58 C:\xampp\htdocs\laravel\tasty\setup-master\index.php(53): Illuminate\Foundation\Http\Kernel->handle(Object(Illuminate\Http\Request))
#59 {main}  
[2020-12-15 13:50:41] development.ERROR: Symfony\Component\Console\Exception\CommandNotFoundException: Command "cache:clear$" is not defined.

Did you mean one of these?
    cache:clear
    cache:forget
    cache:table
    config:clear
    optimize:clear
    route:clear
    view:clear in C:\xampp\htdocs\laravel\tasty\setup-master\vendor\symfony\console\Application.php:676
Stack trace:
#0 C:\xampp\htdocs\laravel\tasty\setup-master\vendor\symfony\console\Application.php(237): Symfony\Component\Console\Application->find('cache:clear$')
#1 C:\xampp\htdocs\laravel\tasty\setup-master\vendor\symfony\console\Application.php(149): Symfony\Component\Console\Application->doRun(Object(Symfony\Component\Console\Input\ArgvInput), Object(Symfony\Component\Console\Output\ConsoleOutput))
#2 C:\xampp\htdocs\laravel\tasty\setup-master\vendor\laravel\framework\src\Illuminate\Console\Application.php(93): Symfony\Component\Console\Application->run(Object(Symfony\Component\Console\Input\ArgvInput), Object(Symfony\Component\Console\Output\ConsoleOutput))
#3 C:\xampp\htdocs\laravel\tasty\setup-master\vendor\laravel\framework\src\Illuminate\Foundation\Console\Kernel.php(131): Illuminate\Console\Application->run(Object(Symfony\Component\Console\Input\ArgvInput), Object(Symfony\Component\Console\Output\ConsoleOutput))
#4 C:\xampp\htdocs\laravel\tasty\setup-master\artisan(35): Illuminate\Foundation\Console\Kernel->handle(Object(Symfony\Component\Console\Input\ArgvInput), Object(Symfony\Component\Console\Output\ConsoleOutput))
#5 {main}  
